2020-05-28 19:09:40,548 - src/cloud/Cloud_Server.py[line:18] - INFO: Cloud Server starts.
2020-05-28 19:09:40,572 - src/cloud/Cloud_Server.py[line:26] - INFO: Bind to port:tcp://*:5557
2020-05-28 19:09:40,594 - C:\Users\98552\Desktop\CS190 Project2\CS190_P2\src\cloud\Cloud_Computation.py[line:29] - INFO: {'water': 'A', 'wine glass': 'B', 'knife': 'C', 'bowl': 'C', 'frisbee': 'D', 'hair drier': 'E', 'broccoli': 'F', 'carrot': 'F', 'apple': 'G', 'banana': 'G', 'laptop': 'I', 'keyboard': 'I', 'book': 'H', 'cake': 'J', 'tv': 'K', 'potted plant': 'L'}
2020-05-28 19:09:40,594 - C:\Users\98552\Desktop\CS190 Project2\CS190_P2\src\cloud\Cloud_Computation.py[line:29] - INFO: {'water': 'A', 'wine glass': 'B', 'knife': 'C', 'bowl': 'C', 'frisbee': 'D', 'hair drier': 'E', 'broccoli': 'F', 'carrot': 'F', 'apple': 'G', 'banana': 'G', 'laptop': 'I', 'keyboard': 'I', 'book': 'H', 'cake': 'J', 'tv': 'K', 'potted plant': 'L'}
2020-05-28 19:09:40,605 - C:\Users\98552\Desktop\CS190 Project2\CS190_P2\src\cloud\Cloud_Computation.py[line:30] - INFO: {'water': '0.97', 'icecream': '4.9', 'apple': '1.0', 'orange': '4.99', 'milk tea': '6.75', 'bottle': '2.3', 'banana': '1.47', 'potted plant': '3.99', 'pineapple': '3.99'}
2020-05-28 19:09:40,605 - C:\Users\98552\Desktop\CS190 Project2\CS190_P2\src\cloud\Cloud_Computation.py[line:30] - INFO: {'water': '0.97', 'icecream': '4.9', 'apple': '1.0', 'orange': '4.99', 'milk tea': '6.75', 'bottle': '2.3', 'banana': '1.47', 'potted plant': '3.99', 'pineapple': '3.99'}
2020-05-28 19:09:40,606 - C:\Users\98552\Desktop\CS190 Project2\CS190_P2\src\cloud\Cloud_Computation.py[line:31] - INFO: {'name': 'Password', 'c': 'c', 'b': 'b', 'x': 'x', 'sd': 'sd', 'se': 'sd', 'wws': 'wws'}
2020-05-28 19:09:40,606 - C:\Users\98552\Desktop\CS190 Project2\CS190_P2\src\cloud\Cloud_Computation.py[line:31] - INFO: {'name': 'Password', 'c': 'c', 'b': 'b', 'x': 'x', 'sd': 'sd', 'se': 'sd', 'wws': 'wws'}
2020-05-28 19:09:40,607 - C:\Users\98552\Desktop\CS190 Project2\CS190_P2\src\cloud\Cloud_Computation.py[line:32] - INFO: <get_path.MarketMap object at 0x00000202D9D2B888>
2020-05-28 19:09:40,607 - C:\Users\98552\Desktop\CS190 Project2\CS190_P2\src\cloud\Cloud_Computation.py[line:32] - INFO: <get_path.MarketMap object at 0x00000202D9D2B888>
2020-05-28 19:11:14,466 - ./src/cloud/Cloud_Server.py[line:18] - INFO: Cloud Server starts.
2020-05-28 19:11:14,491 - ./src/cloud/Cloud_Server.py[line:26] - INFO: Bind to port:tcp://*:5557
2020-05-28 19:11:14,506 - C:\Users\98552\Desktop\CS190 Project2\CS190_P2\src\cloud\Cloud_Computation.py[line:29] - INFO: {'water': 'A', 'wine glass': 'B', 'knife': 'C', 'bowl': 'C', 'frisbee': 'D', 'hair drier': 'E', 'broccoli': 'F', 'carrot': 'F', 'apple': 'G', 'banana': 'G', 'laptop': 'I', 'keyboard': 'I', 'book': 'H', 'cake': 'J', 'tv': 'K', 'potted plant': 'L'}
2020-05-28 19:11:14,506 - C:\Users\98552\Desktop\CS190 Project2\CS190_P2\src\cloud\Cloud_Computation.py[line:29] - INFO: {'water': 'A', 'wine glass': 'B', 'knife': 'C', 'bowl': 'C', 'frisbee': 'D', 'hair drier': 'E', 'broccoli': 'F', 'carrot': 'F', 'apple': 'G', 'banana': 'G', 'laptop': 'I', 'keyboard': 'I', 'book': 'H', 'cake': 'J', 'tv': 'K', 'potted plant': 'L'}
2020-05-28 19:11:14,507 - C:\Users\98552\Desktop\CS190 Project2\CS190_P2\src\cloud\Cloud_Computation.py[line:30] - INFO: {'water': '0.97', 'icecream': '4.9', 'apple': '1.0', 'orange': '4.99', 'milk tea': '6.75', 'bottle': '2.3', 'banana': '1.47', 'potted plant': '3.99', 'pineapple': '3.99'}
2020-05-28 19:11:14,507 - C:\Users\98552\Desktop\CS190 Project2\CS190_P2\src\cloud\Cloud_Computation.py[line:30] - INFO: {'water': '0.97', 'icecream': '4.9', 'apple': '1.0', 'orange': '4.99', 'milk tea': '6.75', 'bottle': '2.3', 'banana': '1.47', 'potted plant': '3.99', 'pineapple': '3.99'}
2020-05-28 19:11:14,508 - C:\Users\98552\Desktop\CS190 Project2\CS190_P2\src\cloud\Cloud_Computation.py[line:31] - INFO: {'name': 'Password', 'c': 'c', 'b': 'b', 'x': 'x', 'sd': 'sd', 'se': 'sd', 'wws': 'wws'}
2020-05-28 19:11:14,508 - C:\Users\98552\Desktop\CS190 Project2\CS190_P2\src\cloud\Cloud_Computation.py[line:31] - INFO: {'name': 'Password', 'c': 'c', 'b': 'b', 'x': 'x', 'sd': 'sd', 'se': 'sd', 'wws': 'wws'}
2020-05-28 19:11:14,508 - C:\Users\98552\Desktop\CS190 Project2\CS190_P2\src\cloud\Cloud_Computation.py[line:32] - INFO: <get_path.MarketMap object at 0x000002086432CE08>
2020-05-28 19:11:14,508 - C:\Users\98552\Desktop\CS190 Project2\CS190_P2\src\cloud\Cloud_Computation.py[line:32] - INFO: <get_path.MarketMap object at 0x000002086432CE08>
